Arguments: 
  C:\Program Files\nodejs\node.exe C:\Users\MohsinAliSoomro\AppData\Roaming\npm\node_modules\yarn\bin\yarn.js add -D typescript @inquirer@8.1.0

PATH: 
  C:\WINDOWS\system32;C:\WINDOWS;C:\WINDOWS\System32\Wbem;C:\WINDOWS\System32\WindowsPowerShell\v1.0\;C:\Program Files\nodejs\;C:\Program Files\Git\cmd;C:\WINDOWS\System32\OpenSSH\;C:\Program Files\PuTTY\;C:\ProgramData\chocolatey\bin;C:\Program Files\OpenJDK\openjdk-11.0.15_10\bin;;C:\Android;C:\Windows\System32;C:\Users\MohsinAliSoomro\AppData\Local\Programs\Python\Python310\Scripts\;C:\Users\MohsinAliSoomro\AppData\Local\Programs\Python\Python310\;C:\Users\MohsinAliSoomro\AppData\Local\Microsoft\WindowsApps;C:\Users\MohsinAliSoomro\AppData\Roaming\npm;C:\Users\MohsinAliSoomro\AppData\Local\Programs\Microsoft VS Code\bin;C:\Program Files\MongoDB\Server\5.0\bin;C:\Users\MohsinAliSoomro\AppData\Local\GitHubDesktop\bin;C:\Users\MohsinAliSoomro\AppData\Local\Android\Sdk;C:\adb;C:\Program Files\Amazon\AWSCLIV2\;C:\Users\MohsinAliSoomro\AppData\Local\Programs\Python\Python310\Scripts\;C:\Users\MohsinAliSoomro\AppData\Local\Programs\Python\Python310\;C:\Users\MohsinAliSoomro\AppData\Local\Microsoft\WindowsApps;C:\Users\MohsinAliSoomro\AppData\Roaming\npm;C:\Users\MohsinAliSoomro\AppData\Local\Programs\Microsoft VS Code\bin;C:\Program Files\MongoDB\Server\5.0\bin;C:\Users\MohsinAliSoomro\AppData\Local\GitHubDesktop\bin;C:\Users\MohsinAliSoomro\AppData\Local\Android\Sdk;

Yarn version: 
  1.22.19

Node version: 
  16.14.2

Platform: 
  win32 x64

Trace: 
  Error: https://registry.yarnpkg.com/@inquirer: Request "https://registry.yarnpkg.com/@inquirer" returned a 405
      at Request.params.callback [as _callback] (C:\Users\MohsinAliSoomro\AppData\Roaming\npm\node_modules\yarn\lib\cli.js:66154:18)
      at Request.self.callback (C:\Users\MohsinAliSoomro\AppData\Roaming\npm\node_modules\yarn\lib\cli.js:140890:22)
      at Request.emit (node:events:526:28)
      at Request.<anonymous> (C:\Users\MohsinAliSoomro\AppData\Roaming\npm\node_modules\yarn\lib\cli.js:141862:10)
      at Request.emit (node:events:526:28)
      at IncomingMessage.<anonymous> (C:\Users\MohsinAliSoomro\AppData\Roaming\npm\node_modules\yarn\lib\cli.js:141784:12)
      at Object.onceWrapper (node:events:645:28)
      at IncomingMessage.emit (node:events:538:35)
      at endReadableNT (node:internal/streams/readable:1345:12)
      at processTicksAndRejections (node:internal/process/task_queues:83:21)

npm manifest: 
  {
    "name": "atm",
    "version": "1.0.0",
    "description": "",
    "main": "index.js",
    "scripts": {
      "test": "echo \"Error: no test specified\" && exit 1"
    },
    "keywords": [],
    "author": "",
    "license": "ISC"
  }

yarn manifest: 
  No manifest

Lockfile: 
  No lockfile
